<?xml version="1.0" encoding="UTF-8"?>
<!-- Generated by org.testng.reporters.JUnitReportReporter -->
<testsuite skipped="0" hostname="DESKTOP-FNA2BQ4" name="runners.loginrunner" tests="1" failures="0" timestamp="2021-02-03T15:58:44 EST" time="0.007" errors="0">
  <testcase name="testA" time="0.007" classname="runners.loginrunner"/>
  <system-out/>
</testsuite> <!-- runners.loginrunner -->
